<?xml version="1.0" encoding="UTF-8"?>
<testsuite xmlns:xsi="http://www.w3.org/2001/XMLSchema-instance" xsi:noNamespaceSchemaLocation="https://maven.apache.org/surefire/maven-surefire-plugin/xsd/surefire-test-report-3.0.xsd" version="3.0" name="dev.coms4156.project.AppTest" time="3.994" tests="2" errors="1" skipped="0" failures="0">
  <properties>
[...]
</properties>
  <testcase name="testApp" classname="dev.coms4156.project.AppTest" time="1.483">
    <error message="Failed to start bean &apos;webServerStartStop&apos;" type="org.springframework.context.ApplicationContextException"><![CDATA[org.springframework.context.ApplicationContextException: Failed to start bean 'webServerStartStop'
	at org.springframework.context.support.DefaultLifecycleProcessor.doStart(DefaultLifecycleProcessor.java:287)
	at org.springframework.context.support.DefaultLifecycleProcessor$LifecycleGroup.start(DefaultLifecycleProcessor.java:467)
	at java.base/java.lang.Iterable.forEach(Iterable.java:75)
	at org.springframework.context.support.DefaultLifecycleProcessor.startBeans(DefaultLifecycleProcessor.java:256)
	at org.springframework.context.support.DefaultLifecycleProcessor.onRefresh(DefaultLifecycleProcessor.java:201)
	at org.springframework.context.support.AbstractApplicationContext.finishRefresh(AbstractApplicationContext.java:978)
	at org.springframework.context.support.AbstractApplicationContext.refresh(AbstractApplicationContext.java:627)
	at org.springframework.boot.web.servlet.context.ServletWebServerApplicationContext.refresh(ServletWebServerApplicationContext.java:146)
	at org.springframework.boot.SpringApplication.refresh(SpringApplication.java:754)
	at org.springframework.boot.SpringApplication.refreshContext(SpringApplication.java:456)
	at org.springframework.boot.SpringApplication.run(SpringApplication.java:334)
	at org.springframework.boot.SpringApplication.run(SpringApplication.java:1354)
	at org.springframework.boot.SpringApplication.run(SpringApplication.java:1343)
	at dev.coms4156.project.ServiceApplication.main(ServiceApplication.java:17)
	at dev.coms4156.project.AppTest.testApp(AppTest.java:38)
	at java.base/java.lang.reflect.Method.invoke(Method.java:569)
	at java.base/java.util.ArrayList.forEach(ArrayList.java:1511)
	at java.base/java.util.ArrayList.forEach(ArrayList.java:1511)
Caused by: org.springframework.boot.web.server.PortInUseException: Port 8080 is already in use
	at org.springframework.boot.web.server.PortInUseException.lambda$throwIfPortBindingException$0(PortInUseException.java:70)
	at org.springframework.boot.web.server.PortInUseException.lambda$ifPortBindingException$1(PortInUseException.java:85)
	at org.springframework.boot.web.server.PortInUseException.ifCausedBy(PortInUseException.java:103)
	at org.springframework.boot.web.server.PortInUseException.ifPortBindingException(PortInUseException.java:82)
	at org.springframework.boot.web.server.PortInUseException.throwIfPortBindingException(PortInUseException.java:69)
	at org.springframework.boot.web.embedded.tomcat.TomcatWebServer.start(TomcatWebServer.java:248)
	at org.springframework.boot.web.servlet.context.WebServerStartStopLifecycle.start(WebServerStartStopLifecycle.java:44)
	at org.springframework.context.support.DefaultLifecycleProcessor.doStart(DefaultLifecycleProcessor.java:284)
	... 17 more
Caused by: java.lang.IllegalArgumentException: standardService.connector.startFailed
	at org.apache.catalina.core.StandardService.addConnector(StandardService.java:235)
	at org.springframework.boot.web.embedded.tomcat.TomcatWebServer.addPreviouslyRemovedConnectors(TomcatWebServer.java:306)
	at org.springframework.boot.web.embedded.tomcat.TomcatWebServer.start(TomcatWebServer.java:234)
	... 19 more
Caused by: org.apache.catalina.LifecycleException: Protocol handler start failed
	at org.apache.catalina.connector.Connector.startInternal(Connector.java:1046)
	at org.apache.catalina.util.LifecycleBase.start(LifecycleBase.java:171)
	at org.apache.catalina.core.StandardService.addConnector(StandardService.java:232)
	... 21 more
Caused by: java.net.BindException: Address already in use
	at java.base/sun.nio.ch.Net.bind0(Native Method)
	at java.base/sun.nio.ch.Net.bind(Net.java:555)
	at java.base/sun.nio.ch.ServerSocketChannelImpl.netBind(ServerSocketChannelImpl.java:337)
	at java.base/sun.nio.ch.ServerSocketChannelImpl.bind(ServerSocketChannelImpl.java:294)
	at org.apache.tomcat.util.net.NioEndpoint.initServerSocket(NioEndpoint.java:247)
	at org.apache.tomcat.util.net.NioEndpoint.bind(NioEndpoint.java:202)
	at org.apache.tomcat.util.net.AbstractEndpoint.bindWithCleanup(AbstractEndpoint.java:1280)
	at org.apache.tomcat.util.net.AbstractEndpoint.start(AbstractEndpoint.java:1366)
	at org.apache.coyote.AbstractProtocol.start(AbstractProtocol.java:635)
	at org.apache.catalina.connector.Connector.startInternal(Connector.java:1043)
	... 23 more
]]></error>
    <system-out><![CDATA[Basic setup for the test environment.

  .   ____          _            __ _ _
 /\\ / ___'_ __ _ _(_)_ __  __ _ \ \ \ \
( ( )\___ | '_ | '_| | '_ \/ _` | \ \ \ \
 \\/  ___)| |_)| | | | | || (_| |  ) ) ) )
  '  |____| .__|_| |_|_| |_\__, | / / / /
 =========|_|==============|___/=/_/_/_/
 :: Spring Boot ::                (v3.2.2)

2024-11-23T23:39:51.666-05:00  INFO 18196 --- [           main] dev.coms4156.project.AppTest             : Starting AppTest using Java 17.0.12 with PID 18196 (started by sophie in /Users/sophie/100-of-100-client-team/ClientApplication/backend)
2024-11-23T23:39:51.669-05:00  INFO 18196 --- [           main] dev.coms4156.project.AppTest             : No active profile set, falling back to 1 default profile: "default"
2024-11-23T23:39:53.387-05:00  INFO 18196 --- [           main] dev.coms4156.project.AppTest             : Started AppTest in 2.151 seconds (process running for 3.259)
2024-11-23T23:39:54.557-05:00  INFO 18196 --- [           main] dev.coms4156.project.HrDatabaseFacade    : Database connection is set to: MysqlConnection::us-east-1.rds.amazonaws.com

  .   ____          _            __ _ _
 /\\ / ___'_ __ _ _(_)_ __  __ _ \ \ \ \
( ( )\___ | '_ | '_| | '_ \/ _` | \ \ \ \
 \\/  ___)| |_)| | | | | || (_| |  ) ) ) )
  '  |____| .__|_| |_|_| |_\__, | / / / /
 =========|_|==============|___/=/_/_/_/
 :: Spring Boot ::                (v3.2.2)

2024-11-23T23:39:54.572-05:00  INFO 18196 --- [           main] d.coms4156.project.ServiceApplication    : Starting ServiceApplication using Java 17.0.12 with PID 18196 (started by sophie in /Users/sophie/100-of-100-client-team/ClientApplication/backend)
2024-11-23T23:39:54.573-05:00  INFO 18196 --- [           main] d.coms4156.project.ServiceApplication    : No active profile set, falling back to 1 default profile: "default"
2024-11-23T23:39:54.734-05:00  INFO 18196 --- [           main] o.s.b.w.embedded.tomcat.TomcatWebServer  : Tomcat initialized with port 8080 (http)
2024-11-23T23:39:54.749-05:00  INFO 18196 --- [           main] o.apache.catalina.core.StandardService   : Starting service [Tomcat]
2024-11-23T23:39:54.749-05:00  INFO 18196 --- [           main] o.apache.catalina.core.StandardEngine    : Starting Servlet engine: [Apache Tomcat/10.1.18]
2024-11-23T23:39:54.780-05:00  INFO 18196 --- [           main] o.a.c.c.C.[Tomcat].[localhost].[/]       : Initializing Spring embedded WebApplicationContext
2024-11-23T23:39:54.781-05:00  INFO 18196 --- [           main] w.s.c.ServletWebServerApplicationContext : Root WebApplicationContext: initialization completed in 206 ms
2024-11-23T23:39:54.859-05:00  WARN 18196 --- [           main] ConfigServletWebServerApplicationContext : Exception encountered during context initialization - cancelling refresh attempt: org.springframework.context.ApplicationContextException: Failed to start bean 'webServerStartStop'
2024-11-23T23:39:54.864-05:00  INFO 18196 --- [           main] .s.b.a.l.ConditionEvaluationReportLogger : 

Error starting ApplicationContext. To display the condition evaluation report re-run your application with 'debug' enabled.
2024-11-23T23:39:54.875-05:00 ERROR 18196 --- [           main] o.s.b.d.LoggingFailureAnalysisReporter   : 

***************************
APPLICATION FAILED TO START
***************************

Description:

Web server failed to start. Port 8080 was already in use.

Action:

Identify and stop the process that's listening on port 8080 or configure this application to listen on another port.

]]></system-out>
  </testcase>
  <testcase name="contextLoads" classname="dev.coms4156.project.AppTest" time="0.002">
    <system-out><![CDATA[Spring Boot context loaded successfully.
]]></system-out>
  </testcase>
</testsuite>