<?xml version="1.0" encoding="UTF-8"?>
<testsuite xmlns:xsi="http://www.w3.org/2001/XMLSchema-instance" xsi:noNamespaceSchemaLocation="https://maven.apache.org/surefire/maven-surefire-plugin/xsd/surefire-test-report-3.0.xsd" version="3.0" name="dev.coms4156.project.RealRouteControllerTest" time="0.602" tests="10" errors="0" skipped="0" failures="0">
  <properties>
[...]
</properties>
  <testcase name="testLoginSuccess" classname="dev.coms4156.project.RealRouteControllerTest" time="0.225">
    <system-out><![CDATA[2024-11-23T23:39:54.896-05:00  INFO 18196 --- [           main] t.c.s.AnnotationConfigContextLoaderUtils : Could not detect default configuration classes for test class [dev.coms4156.project.RealRouteControllerTest]: RealRouteControllerTest does not declare any static, non-private, non-final, nested classes annotated with @Configuration.
2024-11-23T23:39:54.906-05:00  INFO 18196 --- [           main] .b.t.c.SpringBootTestContextBootstrapper : Found @SpringBootConfiguration dev.coms4156.project.ServiceApplication for test class dev.coms4156.project.RealRouteControllerTest
2024-11-23T23:39:54.909-05:00  INFO 18196 --- [           main] dev.coms4156.project.HrDatabaseFacade    : Database connection is set to: MysqlConnection::us-east-1.rds.amazonaws.com

  .   ____          _            __ _ _
 /\\ / ___'_ __ _ _(_)_ __  __ _ \ \ \ \
( ( )\___ | '_ | '_| | '_ \/ _` | \ \ \ \
 \\/  ___)| |_)| | | | | || (_| |  ) ) ) )
  '  |____| .__|_| |_|_| |_\__, | / / / /
 =========|_|==============|___/=/_/_/_/
 :: Spring Boot ::                (v3.2.2)

2024-11-23T23:39:54.925-05:00  INFO 18196 --- [           main] d.c.project.RealRouteControllerTest      : Starting RealRouteControllerTest using Java 17.0.12 with PID 18196 (started by sophie in /Users/sophie/100-of-100-client-team/ClientApplication/backend)
2024-11-23T23:39:54.926-05:00  INFO 18196 --- [           main] d.c.project.RealRouteControllerTest      : No active profile set, falling back to 1 default profile: "default"
2024-11-23T23:39:55.044-05:00  INFO 18196 --- [           main] o.s.b.t.m.w.SpringBootMockServletContext : Initializing Spring TestDispatcherServlet ''
2024-11-23T23:39:55.044-05:00  INFO 18196 --- [           main] o.s.t.web.servlet.TestDispatcherServlet  : Initializing Servlet ''
2024-11-23T23:39:55.045-05:00  INFO 18196 --- [           main] o.s.t.web.servlet.TestDispatcherServlet  : Completed initialization in 1 ms
2024-11-23T23:39:55.049-05:00  INFO 18196 --- [           main] d.c.project.RealRouteControllerTest      : Started RealRouteControllerTest in 0.139 seconds (process running for 4.921)
2024-11-23T23:39:55.069-05:00  INFO 18196 --- [           main] d.c.p.interceptor.RrLoggingInterceptor   : Request from 127.0.0.1:80 to POST '/login'...
2024-11-23T23:39:55.265-05:00  INFO 18196 --- [           main] d.c.p.interceptor.RrLoggingInterceptor   : Request from 127.0.0.1:80 to POST '/login' completed with status 200.
Logged in as Acme Corp
]]></system-out>
  </testcase>
  <testcase name="testLoginFailure" classname="dev.coms4156.project.RealRouteControllerTest" time="0.003">
    <system-out><![CDATA[2024-11-23T23:39:55.277-05:00  INFO 18196 --- [           main] d.c.p.interceptor.RrLoggingInterceptor   : Request from 127.0.0.1:80 to POST '/login'...
2024-11-23T23:39:55.278-05:00  INFO 18196 --- [           main] d.c.p.interceptor.RrLoggingInterceptor   : Request from 127.0.0.1:80 to POST '/login' completed with status 401.
Invalid client ID
]]></system-out>
  </testcase>
  <testcase name="testLoginNotexist" classname="dev.coms4156.project.RealRouteControllerTest" time="0.021">
    <system-out><![CDATA[2024-11-23T23:39:55.280-05:00  INFO 18196 --- [           main] d.c.p.interceptor.RrLoggingInterceptor   : Request from 127.0.0.1:80 to POST '/login'...
2024-11-23T23:39:55.300-05:00  WARN 18196 --- [           main] dev.coms4156.project.HrDatabaseFacade    : Organization not found: 9999
2024-11-23T23:39:55.300-05:00  INFO 18196 --- [           main] d.c.p.interceptor.RrLoggingInterceptor   : Request from 127.0.0.1:80 to POST '/login' completed with status 401.
Invalid client ID
]]></system-out>
  </testcase>
  <testcase name="testGetOrgSuccess" classname="dev.coms4156.project.RealRouteControllerTest" time="0.01">
    <system-out><![CDATA[2024-11-23T23:39:55.303-05:00  INFO 18196 --- [           main] d.c.p.interceptor.RrLoggingInterceptor   : Request from 127.0.0.1:80 to GET '/getOrgInfo'...
2024-11-23T23:39:55.303-05:00  INFO 18196 --- [           main] d.c.p.i.ParameterDecodingInterceptor     : Decode client id from [MQ] to [1].
2024-11-23T23:39:55.309-05:00  INFO 18196 --- [           main] d.c.p.interceptor.RrLoggingInterceptor   : Request from 127.0.0.1:80 to GET '/getOrgInfo' completed with status 200.
1: 1 --> Engineering
2: 2 --> Marketing
]]></system-out>
  </testcase>
  <testcase name="testGetOrgNotexist" classname="dev.coms4156.project.RealRouteControllerTest" time="0.031">
    <system-out><![CDATA[2024-11-23T23:39:55.314-05:00  INFO 18196 --- [           main] d.c.p.interceptor.RrLoggingInterceptor   : Request from 127.0.0.1:80 to GET '/getOrgInfo'...
2024-11-23T23:39:55.314-05:00  INFO 18196 --- [           main] d.c.p.i.ParameterDecodingInterceptor     : Decode client id from [OTk5OQ] to [9999].
2024-11-23T23:39:55.338-05:00  WARN 18196 --- [           main] dev.coms4156.project.HrDatabaseFacade    : Organization not found: 9999
2024-11-23T23:39:55.343-05:00  INFO 18196 --- [           main] d.c.p.interceptor.RrLoggingInterceptor   : Request from 127.0.0.1:80 to GET '/getOrgInfo' completed with status 404.
]]></system-out>
  </testcase>
  <testcase name="testGetOrgFailure" classname="dev.coms4156.project.RealRouteControllerTest" time="0.011">
    <system-out><![CDATA[2024-11-23T23:39:55.345-05:00  INFO 18196 --- [           main] d.c.p.interceptor.RrLoggingInterceptor   : Request from 127.0.0.1:80 to GET '/getOrgInfo'...
2024-11-23T23:39:55.345-05:00  INFO 18196 --- [           main] d.c.p.i.ParameterDecodingInterceptor     : Decode client id from [invalid_clienttoken] to [�{ږ'rX���h��].
2024-11-23T23:39:55.354-05:00  INFO 18196 --- [           main] d.c.p.interceptor.RrLoggingInterceptor   : Request from 127.0.0.1:80 to GET '/getOrgInfo' completed with status 500.
]]></system-out>
  </testcase>
  <testcase name="testGetOrgNoparam" classname="dev.coms4156.project.RealRouteControllerTest" time="0.002">
    <system-out><![CDATA[2024-11-23T23:39:55.357-05:00  INFO 18196 --- [           main] d.c.p.interceptor.RrLoggingInterceptor   : Request from 127.0.0.1:80 to GET '/getOrgInfo'...
2024-11-23T23:39:55.357-05:00  WARN 18196 --- [           main] d.c.p.i.ParameterDecodingInterceptor     : Client ID is required.
2024-11-23T23:39:55.357-05:00  INFO 18196 --- [           main] d.c.p.interceptor.RrLoggingInterceptor   : Request from 127.0.0.1:80 to GET '/getOrgInfo' completed with status 403.
]]></system-out>
  </testcase>
  <testcase name="testGetDeptSuccess" classname="dev.coms4156.project.RealRouteControllerTest" time="0.021">
    <system-out><![CDATA[2024-11-23T23:39:55.359-05:00  INFO 18196 --- [           main] d.c.p.interceptor.RrLoggingInterceptor   : Request from 127.0.0.1:80 to GET '/getDeptInfo'...
2024-11-23T23:39:55.359-05:00  INFO 18196 --- [           main] d.c.p.i.ParameterDecodingInterceptor     : Decode client id from [MQ] to [1].
{head=John Doe, name=Engineering, id=1, employees=[{performance=90.0, name=John Doe, id=1, position=Software Engineer, salary=75000.0}, {performance=88.3, name=Tom Brown, id=3, position=Software Engineer, salary=70000.0}, {performance=90.0, name=Test, id=4, position=Something, salary=80000.0}], employeeCount=3, headId=1}
2024-11-23T23:39:55.375-05:00  INFO 18196 --- [           main] d.c.p.interceptor.RrLoggingInterceptor   : Request from 127.0.0.1:80 to GET '/getDeptInfo' completed with status 200.
Dept 1: Employee 1 --> John Doe
Dept 1: Employee 3 --> Tom Brown
Dept 1: Employee 4 --> Test
2024-11-23T23:39:55.377-05:00  INFO 18196 --- [           main] d.c.p.interceptor.RrLoggingInterceptor   : Request from 127.0.0.1:80 to GET '/getDeptInfo'...
2024-11-23T23:39:55.377-05:00  INFO 18196 --- [           main] d.c.p.i.ParameterDecodingInterceptor     : Decode client id from [MQ] to [1].
{head=Someone, name=Marketing, id=2, employees=[{performance=90.0, name=Someone, id=5, position=Software Engineer, salary=80000.0}], employeeCount=1, headId=5}
2024-11-23T23:39:55.378-05:00  INFO 18196 --- [           main] d.c.p.interceptor.RrLoggingInterceptor   : Request from 127.0.0.1:80 to GET '/getDeptInfo' completed with status 200.
Dept 2: Employee 5 --> Someone
]]></system-out>
  </testcase>
  <testcase name="testGetDeptNotexist" classname="dev.coms4156.project.RealRouteControllerTest" time="0.107">
    <system-out><![CDATA[2024-11-23T23:39:55.381-05:00  INFO 18196 --- [           main] d.c.p.interceptor.RrLoggingInterceptor   : Request from 127.0.0.1:80 to GET '/getDeptInfo'...
2024-11-23T23:39:55.381-05:00  INFO 18196 --- [           main] d.c.p.i.ParameterDecodingInterceptor     : Decode client id from [MQ] to [1].
2024-11-23T23:39:55.486-05:00  INFO 18196 --- [           main] d.c.p.interceptor.RrLoggingInterceptor   : Request from 127.0.0.1:80 to GET '/getDeptInfo' completed with status 404.
]]></system-out>
  </testcase>
  <testcase name="testGetEmployeeSuccess" classname="dev.coms4156.project.RealRouteControllerTest" time="0.008">
    <system-out><![CDATA[2024-11-23T23:39:55.488-05:00  INFO 18196 --- [           main] d.c.p.interceptor.RrLoggingInterceptor   : Request from 127.0.0.1:80 to GET '/getEmpInfo'...
2024-11-23T23:39:55.489-05:00  INFO 18196 --- [           main] d.c.p.i.ParameterDecodingInterceptor     : Decode client id from [MQ] to [1].
2024-11-23T23:39:55.492-05:00  INFO 18196 --- [           main] d.c.p.interceptor.RrLoggingInterceptor   : Request from 127.0.0.1:80 to GET '/getEmpInfo' completed with status 200.
Employee 1: John Doe hired on 2020-01-15T05:00:00.000+00:00
2024-11-23T23:39:55.493-05:00  INFO 18196 --- [           main] d.c.p.interceptor.RrLoggingInterceptor   : Request from 127.0.0.1:80 to GET '/getEmpInfo'...
2024-11-23T23:39:55.493-05:00  INFO 18196 --- [           main] d.c.p.i.ParameterDecodingInterceptor     : Decode client id from [MQ] to [1].
2024-11-23T23:39:55.494-05:00  INFO 18196 --- [           main] d.c.p.interceptor.RrLoggingInterceptor   : Request from 127.0.0.1:80 to GET '/getEmpInfo' completed with status 200.
Employee 3: Tom Brown hired on 2021-03-20T04:00:00.000+00:00
2024-11-23T23:39:55.494-05:00  INFO 18196 --- [           main] d.c.p.interceptor.RrLoggingInterceptor   : Request from 127.0.0.1:80 to GET '/getEmpInfo'...
2024-11-23T23:39:55.494-05:00  INFO 18196 --- [           main] d.c.p.i.ParameterDecodingInterceptor     : Decode client id from [MQ] to [1].
2024-11-23T23:39:55.494-05:00  INFO 18196 --- [           main] d.c.p.interceptor.RrLoggingInterceptor   : Request from 127.0.0.1:80 to GET '/getEmpInfo' completed with status 200.
Employee 4: Test hired on 2024-11-22T05:00:00.000+00:00
2024-11-23T23:39:55.495-05:00  INFO 18196 --- [           main] d.c.p.interceptor.RrLoggingInterceptor   : Request from 127.0.0.1:80 to GET '/getEmpInfo'...
2024-11-23T23:39:55.495-05:00  INFO 18196 --- [           main] d.c.p.i.ParameterDecodingInterceptor     : Decode client id from [MQ] to [1].
2024-11-23T23:39:55.495-05:00  INFO 18196 --- [           main] d.c.p.interceptor.RrLoggingInterceptor   : Request from 127.0.0.1:80 to GET '/getEmpInfo' completed with status 200.
Employee 5: Someone hired on 2024-11-22T05:00:00.000+00:00
]]></system-out>
  </testcase>
</testsuite>