<?xml version="1.0" encoding="UTF-8"?>
<testsuite xmlns:xsi="http://www.w3.org/2001/XMLSchema-instance" xsi:noNamespaceSchemaLocation="https://maven.apache.org/surefire/maven-surefire-plugin/xsd/surefire-test-report-3.0.xsd" version="3.0" name="dev.coms4156.project.RouteControllerTest" time="0.118" tests="26" errors="0" skipped="0" failures="0">
  <properties>
[...]
</properties>
  <testcase name="testSetEmpSalaryNotExist" classname="dev.coms4156.project.RouteControllerTest" time="0.005">
    <system-out><![CDATA[2024-11-23T23:39:55.534-05:00  INFO 18196 --- [           main] t.c.s.AnnotationConfigContextLoaderUtils : Could not detect default configuration classes for test class [dev.coms4156.project.RouteControllerTest]: RouteControllerTest does not declare any static, non-private, non-final, nested classes annotated with @Configuration.
2024-11-23T23:39:55.536-05:00  INFO 18196 --- [           main] .b.t.c.SpringBootTestContextBootstrapper : Found @SpringBootConfiguration dev.coms4156.project.ServiceApplication for test class dev.coms4156.project.RouteControllerTest
2024-11-23T23:39:55.538-05:00  INFO 18196 --- [           main] dev.coms4156.project.HrDatabaseFacade    : Database connection is set to: In-memory Database::null
2024-11-23T23:39:55.542-05:00  INFO 18196 --- [           main] d.c.p.interceptor.RrLoggingInterceptor   : Request from 127.0.0.1:80 to PATCH '/setEmpSalary'...
2024-11-23T23:39:55.542-05:00  INFO 18196 --- [           main] d.c.p.i.ParameterDecodingInterceptor     : Decode client id from [MQ] to [1].
2024-11-23T23:39:55.544-05:00  INFO 18196 --- [           main] d.c.p.interceptor.RrLoggingInterceptor   : Request from 127.0.0.1:80 to PATCH '/setEmpSalary' completed with status 404.
]]></system-out>
  </testcase>
  <testcase name="testSetDeptHead" classname="dev.coms4156.project.RouteControllerTest" time="0.004">
    <system-out><![CDATA[2024-11-23T23:39:55.546-05:00  INFO 18196 --- [           main] d.c.p.interceptor.RrLoggingInterceptor   : Request from 127.0.0.1:80 to PATCH '/setDeptHead'...
2024-11-23T23:39:55.546-05:00  INFO 18196 --- [           main] d.c.p.i.ParameterDecodingInterceptor     : Decode client id from [MQ] to [1].
{head=John Doe, name=Engineering, id=1, employees=[{performance=90.0, name=John Doe, id=1, position=Software Engineer, salary=75000.0}, {performance=88.3, name=Tom Brown, id=3, position=Software Engineer, salary=70000.0}, {performance=90.0, name=Test, id=4, position=Something, salary=80000.0}], employeeCount=3, headId=1}
{head=John Doe, name=Engineering, id=1, employees=[{performance=90.0, name=John Doe, id=1, position=Software Engineer, salary=75000.0}, {performance=88.3, name=Tom Brown, id=3, position=Software Engineer, salary=70000.0}, {performance=90.0, name=Test, id=4, position=Something, salary=80000.0}], employeeCount=3, headId=1}
{head=, name=Marketing, id=2, employees=[{performance=0.0, name=Jane Smith, id=2, position=Other, salary=0.0}], employeeCount=1, headId=}
2024-11-23T23:39:55.547-05:00  INFO 18196 --- [           main] d.c.p.interceptor.RrLoggingInterceptor   : Request from 127.0.0.1:80 to PATCH '/setDeptHead' completed with status 200.
2024-11-23T23:39:55.548-05:00  INFO 18196 --- [           main] d.c.p.interceptor.RrLoggingInterceptor   : Request from 127.0.0.1:80 to GET '/getDeptInfo'...
2024-11-23T23:39:55.548-05:00  INFO 18196 --- [           main] d.c.p.i.ParameterDecodingInterceptor     : Decode client id from [MQ] to [1].
{head=John Doe, name=Engineering, id=1, employees=[{performance=90.0, name=John Doe, id=1, position=Software Engineer, salary=75000.0}, {performance=88.3, name=Tom Brown, id=3, position=Software Engineer, salary=70000.0}, {performance=90.0, name=Test, id=4, position=Something, salary=80000.0}], employeeCount=3, headId=1}
2024-11-23T23:39:55.548-05:00  INFO 18196 --- [           main] d.c.p.interceptor.RrLoggingInterceptor   : Request from 127.0.0.1:80 to GET '/getDeptInfo' completed with status 200.
{"head":"John Doe","name":"Engineering","id":1,"employees":[{"performance":90.0,"name":"John Doe","id":1,"position":"Software Engineer","salary":75000.0},{"performance":88.3,"name":"Tom Brown","id":3,"position":"Software Engineer","salary":70000.0},{"performance":90.0,"name":"Test","id":4,"position":"Something","salary":80000.0}],"employeeCount":3,"headId":1}
]]></system-out>
  </testcase>
  <testcase name="testGetDeptInfo" classname="dev.coms4156.project.RouteControllerTest" time="0.004">
    <system-out><![CDATA[2024-11-23T23:39:55.553-05:00  INFO 18196 --- [           main] d.c.p.interceptor.RrLoggingInterceptor   : Request from 127.0.0.1:80 to GET '/getDeptInfo'...
2024-11-23T23:39:55.553-05:00  INFO 18196 --- [           main] d.c.p.i.ParameterDecodingInterceptor     : Decode client id from [MQ] to [1].
{head=John Doe, name=Engineering, id=1, employees=[{performance=90.0, name=John Doe, id=1, position=Software Engineer, salary=75000.0}, {performance=88.3, name=Tom Brown, id=3, position=Software Engineer, salary=70000.0}, {performance=90.0, name=Test, id=4, position=Something, salary=80000.0}], employeeCount=3, headId=1}
2024-11-23T23:39:55.554-05:00  INFO 18196 --- [           main] d.c.p.interceptor.RrLoggingInterceptor   : Request from 127.0.0.1:80 to GET '/getDeptInfo' completed with status 200.
{"head":"John Doe","name":"Engineering","id":1,"employees":[{"performance":90.0,"name":"John Doe","id":1,"position":"Software Engineer","salary":75000.0},{"performance":88.3,"name":"Tom Brown","id":3,"position":"Software Engineer","salary":70000.0},{"performance":90.0,"name":"Test","id":4,"position":"Something","salary":80000.0}],"employeeCount":3,"headId":1}
]]></system-out>
  </testcase>
  <testcase name="testStatDeptPerfNotExist" classname="dev.coms4156.project.RouteControllerTest" time="0.004">
    <system-out><![CDATA[2024-11-23T23:39:55.558-05:00  INFO 18196 --- [           main] d.c.p.interceptor.RrLoggingInterceptor   : Request from 127.0.0.1:80 to GET '/statDeptPerf'...
2024-11-23T23:39:55.558-05:00  INFO 18196 --- [           main] d.c.p.i.ParameterDecodingInterceptor     : Decode client id from [MQ] to [1].
2024-11-23T23:39:55.559-05:00  INFO 18196 --- [           main] d.c.p.interceptor.RrLoggingInterceptor   : Request from 127.0.0.1:80 to GET '/statDeptPerf' completed with status 404.
]]></system-out>
  </testcase>
  <testcase name="testStatDeptBudgetNotExist" classname="dev.coms4156.project.RouteControllerTest" time="0.003">
    <system-out><![CDATA[2024-11-23T23:39:55.561-05:00  INFO 18196 --- [           main] d.c.p.interceptor.RrLoggingInterceptor   : Request from 127.0.0.1:80 to GET '/statDeptBudget'...
2024-11-23T23:39:55.561-05:00  INFO 18196 --- [           main] d.c.p.i.ParameterDecodingInterceptor     : Decode client id from [MQ] to [1].
2024-11-23T23:39:55.562-05:00  INFO 18196 --- [           main] d.c.p.interceptor.RrLoggingInterceptor   : Request from 127.0.0.1:80 to GET '/statDeptBudget' completed with status 404.
]]></system-out>
  </testcase>
  <testcase name="testNegativeEmployeeId" classname="dev.coms4156.project.RouteControllerTest" time="0.002">
    <system-out><![CDATA[2024-11-23T23:39:55.564-05:00  INFO 18196 --- [           main] d.c.p.interceptor.RrLoggingInterceptor   : Request from 127.0.0.1:80 to GET '/getEmpInfo'...
2024-11-23T23:39:55.564-05:00  INFO 18196 --- [           main] d.c.p.i.ParameterDecodingInterceptor     : Decode client id from [MQ] to [1].
2024-11-23T23:39:55.564-05:00  INFO 18196 --- [           main] d.c.p.interceptor.RrLoggingInterceptor   : Request from 127.0.0.1:80 to GET '/getEmpInfo' completed with status 404.
]]></system-out>
  </testcase>
  <testcase name="testAddEmpToDept" classname="dev.coms4156.project.RouteControllerTest" time="0.006">
    <system-out><![CDATA[2024-11-23T23:39:55.566-05:00  INFO 18196 --- [           main] d.c.p.interceptor.RrLoggingInterceptor   : Request from 127.0.0.1:80 to POST '/addEmpToDept'...
2024-11-23T23:39:55.566-05:00  INFO 18196 --- [           main] d.c.p.i.ParameterDecodingInterceptor     : Decode client id from [MQ] to [1].
{head=John Doe, name=Engineering, id=1, employees=[{performance=90.0, name=John Doe, id=1, position=Software Engineer, salary=75000.0}, {performance=88.3, name=Tom Brown, id=3, position=Software Engineer, salary=70000.0}, {performance=90.0, name=Test, id=4, position=Something, salary=80000.0}], employeeCount=3, headId=1}
{hireDate=Tue Jun 28 00:00:00 EDT 2022, performance=0.0, name=Lily, ID=-1, position=Other, salary=0.0, representation=Employee: Lily (ID: -1) Hired at: Tue Jun 28 00:00:00 EDT 2022}
{hireDate=Tue Jun 28 00:00:00 EDT 2022, performance=0.0, name=Lily, ID=3, position=Other, salary=0.0, representation=Employee: Lily (ID: 3) Hired at: Tue Jun 28 00:00:00 EDT 2022}
2024-11-23T23:39:55.569-05:00  INFO 18196 --- [           main] d.c.p.interceptor.RrLoggingInterceptor   : Request from 127.0.0.1:80 to POST '/addEmpToDept' completed with status 201.
2024-11-23T23:39:55.569-05:00  INFO 18196 --- [           main] d.c.p.interceptor.RrLoggingInterceptor   : Request from 127.0.0.1:80 to GET '/getDeptInfo'...
2024-11-23T23:39:55.569-05:00  INFO 18196 --- [           main] d.c.p.i.ParameterDecodingInterceptor     : Decode client id from [MQ] to [1].
{head=John Doe, name=Engineering, id=1, employees=[{performance=90.0, name=John Doe, id=1, position=Software Engineer, salary=75000.0}, {performance=88.3, name=Tom Brown, id=3, position=Software Engineer, salary=70000.0}, {performance=90.0, name=Test, id=4, position=Something, salary=80000.0}, {performance=0.0, name=Lily, id=3, position=Other, salary=0.0}], employeeCount=4, headId=1}
2024-11-23T23:39:55.570-05:00  INFO 18196 --- [           main] d.c.p.interceptor.RrLoggingInterceptor   : Request from 127.0.0.1:80 to GET '/getDeptInfo' completed with status 200.
{"head":"John Doe","name":"Engineering","id":1,"employees":[{"performance":90.0,"name":"John Doe","id":1,"position":"Software Engineer","salary":75000.0},{"performance":88.3,"name":"Tom Brown","id":3,"position":"Software Engineer","salary":70000.0},{"performance":90.0,"name":"Test","id":4,"position":"Something","salary":80000.0},{"performance":0.0,"name":"Lily","id":3,"position":"Other","salary":0.0}],"employeeCount":4,"headId":1}
]]></system-out>
  </testcase>
  <testcase name="testUpdateEmpInfo" classname="dev.coms4156.project.RouteControllerTest" time="0.008">
    <system-out><![CDATA[2024-11-23T23:39:55.572-05:00  INFO 18196 --- [           main] d.c.p.interceptor.RrLoggingInterceptor   : Request from 127.0.0.1:80 to PATCH '/updateEmpInfo'...
2024-11-23T23:39:55.572-05:00  INFO 18196 --- [           main] d.c.p.i.ParameterDecodingInterceptor     : Decode client id from [MQ] to [1].
2024-11-23T23:39:55.576-05:00  INFO 18196 --- [           main] d.c.p.interceptor.RrLoggingInterceptor   : Request from 127.0.0.1:80 to PATCH '/updateEmpInfo' completed with status 200.
2024-11-23T23:39:55.577-05:00  INFO 18196 --- [           main] d.c.p.interceptor.RrLoggingInterceptor   : Request from 127.0.0.1:80 to PATCH '/updateEmpInfo'...
2024-11-23T23:39:55.577-05:00  INFO 18196 --- [           main] d.c.p.i.ParameterDecodingInterceptor     : Decode client id from [MQ] to [1].
2024-11-23T23:39:55.577-05:00  INFO 18196 --- [           main] d.c.p.interceptor.RrLoggingInterceptor   : Request from 127.0.0.1:80 to PATCH '/updateEmpInfo' completed with status 200.
2024-11-23T23:39:55.577-05:00  INFO 18196 --- [           main] d.c.p.interceptor.RrLoggingInterceptor   : Request from 127.0.0.1:80 to PATCH '/updateEmpInfo'...
2024-11-23T23:39:55.577-05:00  INFO 18196 --- [           main] d.c.p.i.ParameterDecodingInterceptor     : Decode client id from [MQ] to [1].
2024-11-23T23:39:55.578-05:00  INFO 18196 --- [           main] d.c.p.interceptor.RrLoggingInterceptor   : Request from 127.0.0.1:80 to PATCH '/updateEmpInfo' completed with status 200.
2024-11-23T23:39:55.578-05:00  INFO 18196 --- [           main] d.c.p.interceptor.RrLoggingInterceptor   : Request from 127.0.0.1:80 to PATCH '/updateEmpInfo'...
2024-11-23T23:39:55.578-05:00  INFO 18196 --- [           main] d.c.p.i.ParameterDecodingInterceptor     : Decode client id from [MQ] to [1].
2024-11-23T23:39:55.578-05:00  INFO 18196 --- [           main] d.c.p.interceptor.RrLoggingInterceptor   : Request from 127.0.0.1:80 to PATCH '/updateEmpInfo' completed with status 200.
]]></system-out>
  </testcase>
  <testcase name="testLogin" classname="dev.coms4156.project.RouteControllerTest" time="0.002">
    <system-out><![CDATA[2024-11-23T23:39:55.580-05:00  INFO 18196 --- [           main] d.c.p.interceptor.RrLoggingInterceptor   : Request from 127.0.0.1:80 to POST '/login'...
2024-11-23T23:39:55.581-05:00  INFO 18196 --- [           main] d.c.p.interceptor.RrLoggingInterceptor   : Request from 127.0.0.1:80 to POST '/login' completed with status 200.
2024-11-23T23:39:55.581-05:00  INFO 18196 --- [           main] d.c.p.interceptor.RrLoggingInterceptor   : Request from 127.0.0.1:80 to POST '/login'...
2024-11-23T23:39:55.581-05:00  WARN 18196 --- [           main] dev.coms4156.project.HrDatabaseFacade    : Organization not found: 99
2024-11-23T23:39:55.581-05:00  INFO 18196 --- [           main] d.c.p.interceptor.RrLoggingInterceptor   : Request from 127.0.0.1:80 to POST '/login' completed with status 401.
2024-11-23T23:39:55.581-05:00  INFO 18196 --- [           main] d.c.p.interceptor.RrLoggingInterceptor   : Request from 127.0.0.1:80 to POST '/login'...
2024-11-23T23:39:55.582-05:00  INFO 18196 --- [           main] d.c.p.interceptor.RrLoggingInterceptor   : Request from 127.0.0.1:80 to POST '/login' completed with status 401.
]]></system-out>
  </testcase>
  <testcase name="testAccessNonExistentEmployee" classname="dev.coms4156.project.RouteControllerTest" time="0.003">
    <system-out><![CDATA[2024-11-23T23:39:55.584-05:00  INFO 18196 --- [           main] d.c.p.interceptor.RrLoggingInterceptor   : Request from 127.0.0.1:80 to GET '/getEmpInfo'...
2024-11-23T23:39:55.584-05:00  INFO 18196 --- [           main] d.c.p.i.ParameterDecodingInterceptor     : Decode client id from [MQ] to [1].
2024-11-23T23:39:55.585-05:00  INFO 18196 --- [           main] d.c.p.interceptor.RrLoggingInterceptor   : Request from 127.0.0.1:80 to GET '/getEmpInfo' completed with status 404.
]]></system-out>
  </testcase>
  <testcase name="testGetOrganizationInfo" classname="dev.coms4156.project.RouteControllerTest" time="0.004">
    <system-out><![CDATA[2024-11-23T23:39:55.588-05:00  INFO 18196 --- [           main] d.c.p.interceptor.RrLoggingInterceptor   : Request from 127.0.0.1:80 to GET '/getOrgInfo'...
2024-11-23T23:39:55.588-05:00  INFO 18196 --- [           main] d.c.p.i.ParameterDecodingInterceptor     : Decode client id from [MQ] to [1].
2024-11-23T23:39:55.589-05:00  INFO 18196 --- [           main] d.c.p.interceptor.RrLoggingInterceptor   : Request from 127.0.0.1:80 to GET '/getOrgInfo' completed with status 200.
{"departments_id":[1,2],"name":"Acme Corp","id":1,"departments":[{"head":"John Doe","name":"Engineering","id":1,"employeeCount":4},{"head":"","name":"Marketing","id":2,"employeeCount":1}]}
]]></system-out>
  </testcase>
  <testcase name="testInvalidClientId" classname="dev.coms4156.project.RouteControllerTest" time="0.003">
    <system-out><![CDATA[2024-11-23T23:39:55.594-05:00  INFO 18196 --- [           main] d.c.p.interceptor.RrLoggingInterceptor   : Request from 127.0.0.1:80 to GET '/getEmpInfo'...
2024-11-23T23:39:55.594-05:00  INFO 18196 --- [           main] d.c.p.i.ParameterDecodingInterceptor     : Decode client id from [OTk] to [99].
2024-11-23T23:39:55.594-05:00  WARN 18196 --- [           main] dev.coms4156.project.HrDatabaseFacade    : Organization not found: 99
2024-11-23T23:39:55.595-05:00  INFO 18196 --- [           main] d.c.p.interceptor.RrLoggingInterceptor   : Request from 127.0.0.1:80 to GET '/getEmpInfo' completed with status 404.
]]></system-out>
  </testcase>
  <testcase name="testStatDeptBudget" classname="dev.coms4156.project.RouteControllerTest" time="0.002">
    <system-out><![CDATA[2024-11-23T23:39:55.597-05:00  INFO 18196 --- [           main] d.c.p.interceptor.RrLoggingInterceptor   : Request from 127.0.0.1:80 to GET '/statDeptBudget'...
2024-11-23T23:39:55.598-05:00  INFO 18196 --- [           main] d.c.p.i.ParameterDecodingInterceptor     : Decode client id from [MQ] to [1].
{head=John Doe, name=Engineering, id=1, employees=[{performance=10.0, name=John Doe, id=1, position=SalesManager, salary=100.0}, {performance=88.3, name=Tom Brown, id=3, position=Software Engineer, salary=70000.0}, {performance=90.0, name=Test, id=4, position=Something, salary=80000.0}, {performance=0.0, name=Lily, id=3, position=Other, salary=0.0}], employeeCount=4, headId=1}
2024-11-23T23:39:55.598-05:00  INFO 18196 --- [           main] d.c.p.interceptor.RrLoggingInterceptor   : Request from 127.0.0.1:80 to GET '/statDeptBudget' completed with status 200.
]]></system-out>
  </testcase>
  <testcase name="testGetEmployeeInfo" classname="dev.coms4156.project.RouteControllerTest" time="0.002">
    <system-out><![CDATA[2024-11-23T23:39:55.600-05:00  INFO 18196 --- [           main] d.c.p.interceptor.RrLoggingInterceptor   : Request from 127.0.0.1:80 to GET '/getEmpInfo'...
2024-11-23T23:39:55.600-05:00  INFO 18196 --- [           main] d.c.p.i.ParameterDecodingInterceptor     : Decode client id from [MQ] to [1].
2024-11-23T23:39:55.601-05:00  INFO 18196 --- [           main] d.c.p.interceptor.RrLoggingInterceptor   : Request from 127.0.0.1:80 to GET '/getEmpInfo' completed with status 200.
{"hireDate":"2024-11-24T04:39:55.566+00:00","performance":10.0,"name":"John Doe","ID":1,"position":"SalesManager","salary":100.0,"representation":"Employee: John Doe (ID: 1) Hired at: Sat Nov 23 23:39:55 EST 2024"}
]]></system-out>
  </testcase>
  <testcase name="testSetEmpPosition" classname="dev.coms4156.project.RouteControllerTest" time="0.002">
    <system-out><![CDATA[2024-11-23T23:39:55.602-05:00  INFO 18196 --- [           main] d.c.p.interceptor.RrLoggingInterceptor   : Request from 127.0.0.1:80 to PATCH '/setEmpPos'...
2024-11-23T23:39:55.602-05:00  INFO 18196 --- [           main] d.c.p.i.ParameterDecodingInterceptor     : Decode client id from [MQ] to [1].
2024-11-23T23:39:55.604-05:00  INFO 18196 --- [           main] d.c.p.interceptor.RrLoggingInterceptor   : Request from 127.0.0.1:80 to PATCH '/setEmpPos' completed with status 200.
]]></system-out>
  </testcase>
  <testcase name="testRegister" classname="dev.coms4156.project.RouteControllerTest" time="0.006">
    <system-out><![CDATA[2024-11-23T23:39:55.607-05:00  INFO 18196 --- [           main] d.c.p.interceptor.RrLoggingInterceptor   : Request from 127.0.0.1:80 to POST '/register'...
2024-11-23T23:39:55.610-05:00  INFO 18196 --- [           main] d.c.p.interceptor.RrLoggingInterceptor   : Request from 127.0.0.1:80 to POST '/register' completed with status 201.
{"message":"Organization AdvSE created","status":"success","token":"Mw"}
]]></system-out>
  </testcase>
  <testcase name="testSetEmpSalary" classname="dev.coms4156.project.RouteControllerTest" time="0.002">
    <system-out><![CDATA[2024-11-23T23:39:55.612-05:00  INFO 18196 --- [           main] d.c.p.interceptor.RrLoggingInterceptor   : Request from 127.0.0.1:80 to PATCH '/setEmpSalary'...
2024-11-23T23:39:55.612-05:00  INFO 18196 --- [           main] d.c.p.i.ParameterDecodingInterceptor     : Decode client id from [MQ] to [1].
2024-11-23T23:39:55.612-05:00  INFO 18196 --- [           main] d.c.p.interceptor.RrLoggingInterceptor   : Request from 127.0.0.1:80 to PATCH '/setEmpSalary' completed with status 200.
]]></system-out>
  </testcase>
  <testcase name="testSetEmpPositionNotExist" classname="dev.coms4156.project.RouteControllerTest" time="0.003">
    <system-out><![CDATA[2024-11-23T23:39:55.615-05:00  INFO 18196 --- [           main] d.c.p.interceptor.RrLoggingInterceptor   : Request from 127.0.0.1:80 to PATCH '/setEmpPos'...
2024-11-23T23:39:55.616-05:00  INFO 18196 --- [           main] d.c.p.i.ParameterDecodingInterceptor     : Decode client id from [MQ] to [1].
2024-11-23T23:39:55.617-05:00  INFO 18196 --- [           main] d.c.p.interceptor.RrLoggingInterceptor   : Request from 127.0.0.1:80 to PATCH '/setEmpPos' completed with status 404.
]]></system-out>
  </testcase>
  <testcase name="testClientCannotAccessAnotherClientsEmployee" classname="dev.coms4156.project.RouteControllerTest" time="0.004">
    <system-out><![CDATA[2024-11-23T23:39:55.620-05:00  INFO 18196 --- [           main] d.c.p.interceptor.RrLoggingInterceptor   : Request from 127.0.0.1:80 to GET '/getEmpInfo'...
2024-11-23T23:39:55.621-05:00  INFO 18196 --- [           main] d.c.p.i.ParameterDecodingInterceptor     : Decode client id from [MQ] to [1].
2024-11-23T23:39:55.622-05:00  INFO 18196 --- [           main] d.c.p.interceptor.RrLoggingInterceptor   : Request from 127.0.0.1:80 to GET '/getEmpInfo' completed with status 200.
]]></system-out>
  </testcase>
  <testcase name="testSetDeptHeadNotExist" classname="dev.coms4156.project.RouteControllerTest" time="0.004">
    <system-out><![CDATA[2024-11-23T23:39:55.625-05:00  INFO 18196 --- [           main] d.c.p.interceptor.RrLoggingInterceptor   : Request from 127.0.0.1:80 to PATCH '/setDeptHead'...
2024-11-23T23:39:55.626-05:00  INFO 18196 --- [           main] d.c.p.i.ParameterDecodingInterceptor     : Decode client id from [MQ] to [1].
2024-11-23T23:39:55.626-05:00  INFO 18196 --- [           main] d.c.p.interceptor.RrLoggingInterceptor   : Request from 127.0.0.1:80 to PATCH '/setDeptHead' completed with status 404.
2024-11-23T23:39:55.626-05:00  INFO 18196 --- [           main] d.c.p.interceptor.RrLoggingInterceptor   : Request from 127.0.0.1:80 to PATCH '/setDeptHead'...
2024-11-23T23:39:55.626-05:00  INFO 18196 --- [           main] d.c.p.i.ParameterDecodingInterceptor     : Decode client id from [MQ] to [1].
{head=John Doe, name=Engineering, id=1, employees=[{performance=10.0, name=John Doe, id=1, position=SoftwareEngineer, salary=5000.05}, {performance=88.3, name=Tom Brown, id=3, position=Software Engineer, salary=70000.0}, {performance=90.0, name=Test, id=4, position=Something, salary=80000.0}, {performance=0.0, name=Lily, id=3, position=Other, salary=0.0}], employeeCount=4, headId=1}
2024-11-23T23:39:55.627-05:00  INFO 18196 --- [           main] d.c.p.interceptor.RrLoggingInterceptor   : Request from 127.0.0.1:80 to PATCH '/setDeptHead' completed with status 404.
]]></system-out>
  </testcase>
  <testcase name="testSetEmpPerformanceNotExist" classname="dev.coms4156.project.RouteControllerTest" time="0.002">
    <system-out><![CDATA[2024-11-23T23:39:55.629-05:00  INFO 18196 --- [           main] d.c.p.interceptor.RrLoggingInterceptor   : Request from 127.0.0.1:80 to PATCH '/setEmpPerf'...
2024-11-23T23:39:55.629-05:00  INFO 18196 --- [           main] d.c.p.i.ParameterDecodingInterceptor     : Decode client id from [MQ] to [1].
2024-11-23T23:39:55.629-05:00  INFO 18196 --- [           main] d.c.p.interceptor.RrLoggingInterceptor   : Request from 127.0.0.1:80 to PATCH '/setEmpPerf' completed with status 404.
]]></system-out>
  </testcase>
  <testcase name="testStatDeptPerf" classname="dev.coms4156.project.RouteControllerTest" time="0.007">
    <system-out><![CDATA[2024-11-23T23:39:55.631-05:00  INFO 18196 --- [           main] d.c.p.interceptor.RrLoggingInterceptor   : Request from 127.0.0.1:80 to GET '/statDeptPerf'...
2024-11-23T23:39:55.631-05:00  INFO 18196 --- [           main] d.c.p.i.ParameterDecodingInterceptor     : Decode client id from [MQ] to [1].
{head=John Doe, name=Engineering, id=1, employees=[{performance=10.0, name=John Doe, id=1, position=SoftwareEngineer, salary=5000.05}, {performance=88.3, name=Tom Brown, id=3, position=Software Engineer, salary=70000.0}, {performance=90.0, name=Test, id=4, position=Something, salary=80000.0}, {performance=0.0, name=Lily, id=3, position=Other, salary=0.0}], employeeCount=4, headId=1}
2024-11-23T23:39:55.636-05:00  INFO 18196 --- [           main] d.c.p.interceptor.RrLoggingInterceptor   : Request from 127.0.0.1:80 to GET '/statDeptPerf' completed with status 200.
]]></system-out>
  </testcase>
  <testcase name="testSetEmpPerformance" classname="dev.coms4156.project.RouteControllerTest" time="0.002">
    <system-out><![CDATA[2024-11-23T23:39:55.638-05:00  INFO 18196 --- [           main] d.c.p.interceptor.RrLoggingInterceptor   : Request from 127.0.0.1:80 to PATCH '/setEmpPerf'...
2024-11-23T23:39:55.638-05:00  INFO 18196 --- [           main] d.c.p.i.ParameterDecodingInterceptor     : Decode client id from [MQ] to [1].
2024-11-23T23:39:55.639-05:00  INFO 18196 --- [           main] d.c.p.interceptor.RrLoggingInterceptor   : Request from 127.0.0.1:80 to PATCH '/setEmpPerf' completed with status 200.
]]></system-out>
  </testcase>
  <testcase name="testRemoveEmpFromDept" classname="dev.coms4156.project.RouteControllerTest" time="0.005">
    <system-out><![CDATA[2024-11-23T23:39:55.641-05:00  INFO 18196 --- [           main] d.c.p.interceptor.RrLoggingInterceptor   : Request from 127.0.0.1:80 to DELETE '/removeEmpFromDept'...
2024-11-23T23:39:55.641-05:00  INFO 18196 --- [           main] d.c.p.i.ParameterDecodingInterceptor     : Decode client id from [MQ] to [1].
{head=John Doe, name=Engineering, id=1, employees=[{performance=95.5, name=John Doe, id=1, position=SoftwareEngineer, salary=5000.05}, {performance=88.3, name=Tom Brown, id=3, position=Software Engineer, salary=70000.0}, {performance=90.0, name=Test, id=4, position=Something, salary=80000.0}, {performance=0.0, name=Lily, id=3, position=Other, salary=0.0}], employeeCount=4, headId=1}
2024-11-23T23:39:55.643-05:00  INFO 18196 --- [           main] d.c.p.interceptor.RrLoggingInterceptor   : Request from 127.0.0.1:80 to DELETE '/removeEmpFromDept' completed with status 200.
2024-11-23T23:39:55.644-05:00  INFO 18196 --- [           main] d.c.p.interceptor.RrLoggingInterceptor   : Request from 127.0.0.1:80 to GET '/getDeptInfo'...
2024-11-23T23:39:55.644-05:00  INFO 18196 --- [           main] d.c.p.i.ParameterDecodingInterceptor     : Decode client id from [MQ] to [1].
{head=John Doe, name=Engineering, id=1, employees=[{performance=88.3, name=Tom Brown, id=3, position=Software Engineer, salary=70000.0}, {performance=90.0, name=Test, id=4, position=Something, salary=80000.0}, {performance=0.0, name=Lily, id=3, position=Other, salary=0.0}], employeeCount=3, headId=1}
2024-11-23T23:39:55.644-05:00  INFO 18196 --- [           main] d.c.p.interceptor.RrLoggingInterceptor   : Request from 127.0.0.1:80 to GET '/getDeptInfo' completed with status 200.
{"head":"John Doe","name":"Engineering","id":1,"employees":[{"performance":88.3,"name":"Tom Brown","id":3,"position":"Software Engineer","salary":70000.0},{"performance":90.0,"name":"Test","id":4,"position":"Something","salary":80000.0},{"performance":0.0,"name":"Lily","id":3,"position":"Other","salary":0.0}],"employeeCount":3,"headId":1}
2024-11-23T23:39:55.644-05:00  INFO 18196 --- [           main] d.c.p.interceptor.RrLoggingInterceptor   : Request from 127.0.0.1:80 to DELETE '/removeEmpFromDept'...
2024-11-23T23:39:55.644-05:00  INFO 18196 --- [           main] d.c.p.i.ParameterDecodingInterceptor     : Decode client id from [MQ] to [1].
{head=John Doe, name=Engineering, id=1, employees=[{performance=88.3, name=Tom Brown, id=3, position=Software Engineer, salary=70000.0}, {performance=90.0, name=Test, id=4, position=Something, salary=80000.0}, {performance=0.0, name=Lily, id=3, position=Other, salary=0.0}], employeeCount=3, headId=1}
2024-11-23T23:39:55.645-05:00  INFO 18196 --- [           main] d.c.p.interceptor.RrLoggingInterceptor   : Request from 127.0.0.1:80 to DELETE '/removeEmpFromDept' completed with status 400.
{"message":"Bad Request: Employee not found with ID: 6","status":"failed"}
]]></system-out>
  </testcase>
  <testcase name="testStatDeptPos" classname="dev.coms4156.project.RouteControllerTest" time="0.003">
    <system-out><![CDATA[2024-11-23T23:39:55.646-05:00  INFO 18196 --- [           main] d.c.p.interceptor.RrLoggingInterceptor   : Request from 127.0.0.1:80 to POST '/addEmpToDept'...
2024-11-23T23:39:55.646-05:00  INFO 18196 --- [           main] d.c.p.i.ParameterDecodingInterceptor     : Decode client id from [MQ] to [1].
{head=John Doe, name=Engineering, id=1, employees=[{performance=88.3, name=Tom Brown, id=3, position=Software Engineer, salary=70000.0}, {performance=90.0, name=Test, id=4, position=Something, salary=80000.0}, {performance=0.0, name=Lily, id=3, position=Other, salary=0.0}], employeeCount=3, headId=1}
{hireDate=Sat Sep 28 00:00:00 EDT 2024, performance=0.0, name=Andy, ID=-1, position=SoftwareEngineer, salary=0.0, representation=Employee: Andy (ID: -1) Hired at: Sat Sep 28 00:00:00 EDT 2024}
{hireDate=Sat Sep 28 00:00:00 EDT 2024, performance=0.0, name=Andy, ID=3, position=SoftwareEngineer, salary=0.0, representation=Employee: Andy (ID: 3) Hired at: Sat Sep 28 00:00:00 EDT 2024}
2024-11-23T23:39:55.647-05:00  INFO 18196 --- [           main] d.c.p.interceptor.RrLoggingInterceptor   : Request from 127.0.0.1:80 to POST '/addEmpToDept' completed with status 201.
2024-11-23T23:39:55.647-05:00  INFO 18196 --- [           main] d.c.p.interceptor.RrLoggingInterceptor   : Request from 127.0.0.1:80 to GET '/statDeptPos'...
2024-11-23T23:39:55.647-05:00  INFO 18196 --- [           main] d.c.p.i.ParameterDecodingInterceptor     : Decode client id from [MQ] to [1].
{head=John Doe, name=Engineering, id=1, employees=[{performance=88.3, name=Tom Brown, id=3, position=Software Engineer, salary=70000.0}, {performance=90.0, name=Test, id=4, position=Something, salary=80000.0}, {performance=0.0, name=Lily, id=3, position=Other, salary=0.0}, {performance=0.0, name=Andy, id=3, position=SoftwareEngineer, salary=0.0}], employeeCount=4, headId=1}
2024-11-23T23:39:55.648-05:00  INFO 18196 --- [           main] d.c.p.interceptor.RrLoggingInterceptor   : Request from 127.0.0.1:80 to GET '/statDeptPos' completed with status 200.
{"other":1,"software engineer":1,"something":1,"softwareengineer":1}
]]></system-out>
  </testcase>
  <testcase name="testGetOrganizationInfoNotExist" classname="dev.coms4156.project.RouteControllerTest" time="0.002">
    <system-out><![CDATA[2024-11-23T23:39:55.649-05:00  INFO 18196 --- [           main] d.c.p.interceptor.RrLoggingInterceptor   : Request from 127.0.0.1:80 to GET '/getOrgInfo'...
2024-11-23T23:39:55.649-05:00  INFO 18196 --- [           main] d.c.p.i.ParameterDecodingInterceptor     : Decode client id from [OTk] to [99].
2024-11-23T23:39:55.650-05:00  WARN 18196 --- [           main] dev.coms4156.project.HrDatabaseFacade    : Organization not found: 99
2024-11-23T23:39:55.650-05:00  INFO 18196 --- [           main] d.c.p.interceptor.RrLoggingInterceptor   : Request from 127.0.0.1:80 to GET '/getOrgInfo' completed with status 404.
2024-11-23T23:39:55.650-05:00  INFO 18196 --- [           main] d.c.p.interceptor.RrLoggingInterceptor   : Request from 127.0.0.1:80 to GET '/getOrgInfo'...
2024-11-23T23:39:55.650-05:00  INFO 18196 --- [           main] d.c.p.i.ParameterDecodingInterceptor     : Decode client id from [OTk] to [99].
2024-11-23T23:39:55.650-05:00  WARN 18196 --- [           main] dev.coms4156.project.HrDatabaseFacade    : Organization not found: 99
2024-11-23T23:39:55.651-05:00  INFO 18196 --- [           main] d.c.p.interceptor.RrLoggingInterceptor   : Request from 127.0.0.1:80 to GET '/getOrgInfo' completed with status 404.
]]></system-out>
  </testcase>
</testsuite>